<?xml version="1.0" encoding="UTF-8"?>
<testsuite xmlns:xsi="http://www.w3.org/2001/XMLSchema-instance" xsi:noNamespaceSchemaLocation="https://maven.apache.org/surefire/maven-surefire-plugin/xsd/surefire-test-report-3.0.xsd" version="3.0" name="org.retal.OffGame.OffGameApplicationTests" time="2.114" tests="1" errors="0" skipped="0" failures="0">
  <properties>
[...]
</properties>
  <testcase name="contextLoads" classname="org.retal.OffGame.OffGameApplicationTests" time="0.599">
    <system-out><![CDATA[23:49:29.855 [main] INFO org.springframework.test.context.support.AnnotationConfigContextLoaderUtils -- Could not detect default configuration classes for test class [org.retal.OffGame.OffGameApplicationTests]: OffGameApplicationTests does not declare any static, non-private, non-final, nested classes annotated with @Configuration.
23:49:29.929 [main] INFO org.springframework.boot.test.context.SpringBootTestContextBootstrapper -- Found @SpringBootConfiguration org.retal.OffGame.OffGameApplication for test class org.retal.OffGame.OffGameApplicationTests

  .   ____          _            __ _ _
 /\\ / ___'_ __ _ _(_)_ __  __ _ \ \ \ \
( ( )\___ | '_ | '_| | '_ \/ _` | \ \ \ \
 \\/  ___)| |_)| | | | | || (_| |  ) ) ) )
  '  |____| .__|_| |_|_| |_\__, | / / / /
 =========|_|==============|___/=/_/_/_/

 :: Spring Boot ::                (v3.3.3)

2024-09-06T23:49:30.188+03:00  INFO 20100 --- [OffGame] [           main] o.retal.OffGame.OffGameApplicationTests  : Starting OffGameApplicationTests using Java 17.0.5 with PID 20100 (started by Александр in D:\eclipse-workspace\OffGame\offgame-core)
2024-09-06T23:49:30.189+03:00  INFO 20100 --- [OffGame] [           main] o.retal.OffGame.OffGameApplicationTests  : No active profile set, falling back to 1 default profile: "default"
2024-09-06T23:49:30.573+03:00  INFO 20100 --- [OffGame] [           main] .s.d.r.c.RepositoryConfigurationDelegate : Bootstrapping Spring Data R2DBC repositories in DEFAULT mode.
2024-09-06T23:49:30.585+03:00  INFO 20100 --- [OffGame] [           main] .s.d.r.c.RepositoryConfigurationDelegate : Finished Spring Data repository scanning in 8 ms. Found 0 R2DBC repository interfaces.
2024-09-06T23:49:31.250+03:00  INFO 20100 --- [OffGame] [           main] o.retal.OffGame.OffGameApplicationTests  : Started OffGameApplicationTests in 1.217 seconds (process running for 1.901)
]]></system-out>
  </testcase>
</testsuite>